<?xml version="1.0" encoding="UTF-8"?>
<!-- Generated by org.testng.reporters.JUnitReportReporter -->
<testsuite hostname="TP-50181" failures="0" tests="1" name="extentreports.extentreport" time="0.613" errors="0" timestamp="2024-06-04T09:21:12 IST" skipped="0">
  <testcase classname="extentreports.extentreport" name="report" time="0.613"/>
  <system-out/>
</testsuite> <!-- extentreports.extentreport -->
