<?xml version="1.0" encoding="UTF-8"?>
<!-- Generated by org.testng.reporters.JUnitReportReporter -->
<testsuite hostname="TP-50181" failures="0" tests="1" name="demo.Demo" time="27.603" errors="0" timestamp="2024-05-30T09:23:46 IST" skipped="0">
  <testcase classname="demo.Demo" name="test" time="27.603"/>
  <system-out/>
</testsuite> <!-- demo.Demo -->
